<?xml version="1.0" encoding="UTF-8"?>
<!-- Generated by org.testng.reporters.JUnitReportReporter -->
<testsuite skipped="0" hostname="RaghavendraS" name="basicrequest.GetRequest" tests="1" failures="0" timestamp="02 Oct 2020 09:31:59 GMT" time="1.681" errors="0">
  <testcase name="getRequest" time="1.681" classname="basicrequest.GetRequest"/>
</testsuite> <!-- basicrequest.GetRequest -->
