<?xml version="1.0" encoding="UTF-8"?>
<!-- Generated by org.testng.reporters.JUnitReportReporter -->
<testsuite skipped="0" hostname="RaghavendraS" name="basicrequest.PostRequest" tests="1" failures="0" timestamp="02 Oct 2020 09:32:27 GMT" time="2.645" errors="0">
  <testcase name="PostRequest" time="2.645" classname="basicrequest.PostRequest"/>
</testsuite> <!-- basicrequest.PostRequest -->
