<?xml version="1.0" encoding="UTF-8"?>
<!-- Generated by org.testng.reporters.JUnitReportReporter -->
<testsuite skipped="0" hostname="RaghavendraS" name="basicrequest.PostReq1" tests="1" failures="0" timestamp="05 Oct 2020 07:28:37 GMT" time="1.608" errors="0">
  <testcase name="PostReq1" time="1.608" classname="basicrequest.PostReq1"/>
</testsuite> <!-- basicrequest.PostReq1 -->
