<?xml version="1.0" encoding="UTF-8"?>
<!-- Generated by org.testng.reporters.JUnitReportReporter -->
<testsuite skipped="0" hostname="RaghavendraS" name="basicrequest.GetReq1" tests="1" failures="0" timestamp="05 Oct 2020 07:16:29 GMT" time="1.422" errors="0">
  <testcase name="GetReq1" time="1.422" classname="basicrequest.GetReq1"/>
</testsuite> <!-- basicrequest.GetReq1 -->
